<?xml version="1.0" encoding="UTF-8"?>
<testsuites name="Mocha Tests" time="0.087" tests="7" failures="0">
  <testsuite name="Root Suite" timestamp="2019-03-05T10:47:20" tests="0" failures="0" time="0">
  </testsuite>
  <testsuite name="brew" timestamp="2019-03-05T10:47:20" tests="5" file="C:\Users\Rafael\workspace\template\test\brew-test.ts" failures="0" time="0.079">
    <testcase name="brew should ask which" time="0.047" classname="should ask which">
    </testcase>
    <testcase name="brew should serve GET" time="0.005" classname="should serve GET">
    </testcase>
    <testcase name="brew should serve POST" time="0.021" classname="should serve POST">
    </testcase>
    <testcase name="brew should not serve unknown" time="0.003" classname="should not serve unknown">
    </testcase>
    <testcase name="brew should not brew coffee" time="0.003" classname="should not brew coffee">
    </testcase>
  </testsuite>
  <testsuite name="server" timestamp="2019-03-05T10:47:20" tests="2" file="C:\Users\Rafael\workspace\template\test\server-test.ts" failures="0" time="0.008">
    <testcase name="server should display list when root" time="0.004" classname="should display list when root">
    </testcase>
    <testcase name="server should treat 404" time="0.004" classname="should treat 404">
    </testcase>
  </testsuite>
</testsuites>